R1 sends an INIT: routerId 1

R1 receives a CIRCUIT_DB: nbrLink 3
linkId: 1 AND cost: 1
linkId: 2 AND cost: 2
linkId: 6 AND cost: 6


# Topology Database:
R1 -> R1 nbr link 1
R1 -> R1 link 1 cost 1 dest None

R1 sends a HELLO: routerId 1 linkId 1

# Topology Database:
R1 -> R1 nbr link 2
R1 -> R1 link 1 cost 1 dest None
R1 -> R1 link 2 cost 2 dest None

R1 sends a HELLO: routerId 1 linkId 2

# Topology Database:
R1 -> R1 nbr link 3
R1 -> R1 link 1 cost 1 dest None
R1 -> R1 link 2 cost 2 dest None
R1 -> R1 link 6 cost 6 dest None

R1 sends a HELLO: routerId 1 linkId 6
R1 receives a HELLO: routerId 2 linkId 2
R1 sends a LSPDU: sender 1 routerId 1 linkId 1 cost 1 via 2
R1 sends a LSPDU: sender 1 routerId 1 linkId 2 cost 2 via 2
R1 sends a LSPDU: sender 1 routerId 1 linkId 6 cost 6 via 2
R1 receives a HELLO: routerId 4 linkId 1
R1 sends a LSPDU: sender 1 routerId 1 linkId 1 cost 1 via 1
R1 sends a LSPDU: sender 1 routerId 1 linkId 2 cost 2 via 1
R1 sends a LSPDU: sender 1 routerId 1 linkId 6 cost 6 via 1
R1 receives a LSPDU: sender 4 routerId 4 linkId 1 cost 1 via 1

# Topology Database:
R1 -> R1 nbr link 3
R1 -> R1 link 1 cost 1 dest 4
R1 -> R1 link 2 cost 2 dest 2
R1 -> R1 link 6 cost 6 dest None
R1 -> R4 nbr link 1
R1 -> R4 link 1 cost 1 dest 1

R1 sends a LSPDU: sender 1 routerId 4 linkId 1 cost 1 via 2

# RIB:
R1 -> R1 -> Local, 0
R1 -> R2 -> INF, INF
R1 -> R3 -> INF, INF
R1 -> R4 -> R4, 1
R1 -> R5 -> INF, INF

R1 receives a LSPDU: sender 4 routerId 4 linkId 5 cost 5 via 1

# Topology Database:
R1 -> R1 nbr link 3
R1 -> R1 link 1 cost 1 dest 4
R1 -> R1 link 2 cost 2 dest 2
R1 -> R1 link 6 cost 6 dest None
R1 -> R4 nbr link 2
R1 -> R4 link 1 cost 1 dest 1
R1 -> R4 link 5 cost 5 dest None

R1 sends a LSPDU: sender 1 routerId 4 linkId 5 cost 5 via 2

# RIB:
R1 -> R1 -> Local, 0
R1 -> R2 -> INF, INF
R1 -> R3 -> INF, INF
R1 -> R4 -> R4, 1
R1 -> R5 -> INF, INF

R1 receives a HELLO: routerId 3 linkId 6
R1 sends a LSPDU: sender 1 routerId 1 linkId 1 cost 1 via 6
R1 sends a LSPDU: sender 1 routerId 1 linkId 2 cost 2 via 6
R1 sends a LSPDU: sender 1 routerId 1 linkId 6 cost 6 via 6
R1 receives a LSPDU: sender 4 routerId 3 linkId 4 cost 4 via 1

# Topology Database:
R1 -> R1 nbr link 3
R1 -> R1 link 1 cost 1 dest 4
R1 -> R1 link 2 cost 2 dest 2
R1 -> R1 link 6 cost 6 dest 3
R1 -> R3 nbr link 1
R1 -> R3 link 4 cost 4 dest None
R1 -> R4 nbr link 2
R1 -> R4 link 1 cost 1 dest 1
R1 -> R4 link 5 cost 5 dest None

R1 sends a LSPDU: sender 1 routerId 3 linkId 4 cost 4 via 2
R1 sends a LSPDU: sender 1 routerId 3 linkId 4 cost 4 via 6

# RIB:
R1 -> R1 -> Local, 0
R1 -> R2 -> INF, INF
R1 -> R3 -> R3, 6
R1 -> R4 -> R4, 1
R1 -> R5 -> INF, INF

R1 receives a LSPDU: sender 4 routerId 3 linkId 7 cost 7 via 1

# Topology Database:
R1 -> R1 nbr link 3
R1 -> R1 link 1 cost 1 dest 4
R1 -> R1 link 2 cost 2 dest 2
R1 -> R1 link 6 cost 6 dest 3
R1 -> R3 nbr link 2
R1 -> R3 link 4 cost 4 dest None
R1 -> R3 link 7 cost 7 dest None
R1 -> R4 nbr link 2
R1 -> R4 link 1 cost 1 dest 1
R1 -> R4 link 5 cost 5 dest None

R1 sends a LSPDU: sender 1 routerId 3 linkId 7 cost 7 via 2
R1 sends a LSPDU: sender 1 routerId 3 linkId 7 cost 7 via 6

# RIB:
R1 -> R1 -> Local, 0
R1 -> R2 -> INF, INF
R1 -> R3 -> R3, 6
R1 -> R4 -> R4, 1
R1 -> R5 -> INF, INF

R1 receives a LSPDU: sender 2 routerId 2 linkId 2 cost 2 via 2

# Topology Database:
R1 -> R1 nbr link 3
R1 -> R1 link 1 cost 1 dest 4
R1 -> R1 link 2 cost 2 dest 2
R1 -> R1 link 6 cost 6 dest 3
R1 -> R2 nbr link 1
R1 -> R2 link 2 cost 2 dest 1
R1 -> R3 nbr link 2
R1 -> R3 link 4 cost 4 dest None
R1 -> R3 link 7 cost 7 dest None
R1 -> R4 nbr link 2
R1 -> R4 link 1 cost 1 dest 1
R1 -> R4 link 5 cost 5 dest None

R1 sends a LSPDU: sender 1 routerId 2 linkId 2 cost 2 via 1
R1 sends a LSPDU: sender 1 routerId 2 linkId 2 cost 2 via 6

# RIB:
R1 -> R1 -> Local, 0
R1 -> R2 -> R2, 2
R1 -> R3 -> R3, 6
R1 -> R4 -> R4, 1
R1 -> R5 -> INF, INF

R1 receives a LSPDU: sender 2 routerId 2 linkId 7 cost 7 via 2

# Topology Database:
R1 -> R1 nbr link 3
R1 -> R1 link 1 cost 1 dest 4
R1 -> R1 link 2 cost 2 dest 2
R1 -> R1 link 6 cost 6 dest 3
R1 -> R2 nbr link 2
R1 -> R2 link 2 cost 2 dest 1
R1 -> R2 link 7 cost 7 dest 3
R1 -> R3 nbr link 2
R1 -> R3 link 4 cost 4 dest None
R1 -> R3 link 7 cost 7 dest 2
R1 -> R4 nbr link 2
R1 -> R4 link 1 cost 1 dest 1
R1 -> R4 link 5 cost 5 dest None

R1 sends a LSPDU: sender 1 routerId 2 linkId 7 cost 7 via 1
R1 sends a LSPDU: sender 1 routerId 2 linkId 7 cost 7 via 6

# RIB:
R1 -> R1 -> Local, 0
R1 -> R2 -> R2, 2
R1 -> R3 -> R3, 6
R1 -> R4 -> R4, 1
R1 -> R5 -> INF, INF

R1 receives a LSPDU: sender 2 routerId 2 linkId 3 cost 3 via 2

# Topology Database:
R1 -> R1 nbr link 3
R1 -> R1 link 1 cost 1 dest 4
R1 -> R1 link 2 cost 2 dest 2
R1 -> R1 link 6 cost 6 dest 3
R1 -> R2 nbr link 3
R1 -> R2 link 2 cost 2 dest 1
R1 -> R2 link 7 cost 7 dest 3
R1 -> R2 link 3 cost 3 dest None
R1 -> R3 nbr link 2
R1 -> R3 link 4 cost 4 dest None
R1 -> R3 link 7 cost 7 dest 2
R1 -> R4 nbr link 2
R1 -> R4 link 1 cost 1 dest 1
R1 -> R4 link 5 cost 5 dest None

R1 sends a LSPDU: sender 1 routerId 2 linkId 3 cost 3 via 1
R1 sends a LSPDU: sender 1 routerId 2 linkId 3 cost 3 via 6

# RIB:
R1 -> R1 -> Local, 0
R1 -> R2 -> R2, 2
R1 -> R3 -> R3, 6
R1 -> R4 -> R4, 1
R1 -> R5 -> INF, INF

R1 receives a LSPDU: sender 4 routerId 3 linkId 6 cost 6 via 1

# Topology Database:
R1 -> R1 nbr link 3
R1 -> R1 link 1 cost 1 dest 4
R1 -> R1 link 2 cost 2 dest 2
R1 -> R1 link 6 cost 6 dest 3
R1 -> R2 nbr link 3
R1 -> R2 link 2 cost 2 dest 1
R1 -> R2 link 7 cost 7 dest 3
R1 -> R2 link 3 cost 3 dest None
R1 -> R3 nbr link 3
R1 -> R3 link 4 cost 4 dest None
R1 -> R3 link 7 cost 7 dest 2
R1 -> R3 link 6 cost 6 dest 1
R1 -> R4 nbr link 2
R1 -> R4 link 1 cost 1 dest 1
R1 -> R4 link 5 cost 5 dest None

R1 sends a LSPDU: sender 1 routerId 3 linkId 6 cost 6 via 2
R1 sends a LSPDU: sender 1 routerId 3 linkId 6 cost 6 via 6

# RIB:
R1 -> R1 -> Local, 0
R1 -> R2 -> R2, 2
R1 -> R3 -> R3, 6
R1 -> R4 -> R4, 1
R1 -> R5 -> INF, INF

R1 receives a LSPDU: sender 4 routerId 3 linkId 5 cost 5 via 1

# Topology Database:
R1 -> R1 nbr link 3
R1 -> R1 link 1 cost 1 dest 4
R1 -> R1 link 2 cost 2 dest 2
R1 -> R1 link 6 cost 6 dest 3
R1 -> R2 nbr link 3
R1 -> R2 link 2 cost 2 dest 1
R1 -> R2 link 7 cost 7 dest 3
R1 -> R2 link 3 cost 3 dest None
R1 -> R3 nbr link 4
R1 -> R3 link 4 cost 4 dest None
R1 -> R3 link 7 cost 7 dest 2
R1 -> R3 link 6 cost 6 dest 1
R1 -> R3 link 5 cost 5 dest 4
R1 -> R4 nbr link 2
R1 -> R4 link 1 cost 1 dest 1
R1 -> R4 link 5 cost 5 dest 3

R1 sends a LSPDU: sender 1 routerId 3 linkId 5 cost 5 via 2
R1 sends a LSPDU: sender 1 routerId 3 linkId 5 cost 5 via 6

# RIB:
R1 -> R1 -> Local, 0
R1 -> R2 -> R2, 2
R1 -> R3 -> R3, 6
R1 -> R4 -> R4, 1
R1 -> R5 -> INF, INF

R1 receives a LSPDU: sender 2 routerId 5 linkId 3 cost 3 via 2

# Topology Database:
R1 -> R1 nbr link 3
R1 -> R1 link 1 cost 1 dest 4
R1 -> R1 link 2 cost 2 dest 2
R1 -> R1 link 6 cost 6 dest 3
R1 -> R2 nbr link 3
R1 -> R2 link 2 cost 2 dest 1
R1 -> R2 link 7 cost 7 dest 3
R1 -> R2 link 3 cost 3 dest 5
R1 -> R3 nbr link 4
R1 -> R3 link 4 cost 4 dest None
R1 -> R3 link 7 cost 7 dest 2
R1 -> R3 link 6 cost 6 dest 1
R1 -> R3 link 5 cost 5 dest 4
R1 -> R4 nbr link 2
R1 -> R4 link 1 cost 1 dest 1
R1 -> R4 link 5 cost 5 dest 3
R1 -> R5 nbr link 1
R1 -> R5 link 3 cost 3 dest 2

R1 sends a LSPDU: sender 1 routerId 5 linkId 3 cost 3 via 1
R1 sends a LSPDU: sender 1 routerId 5 linkId 3 cost 3 via 6

# RIB:
R1 -> R1 -> Local, 0
R1 -> R2 -> R2, 2
R1 -> R3 -> R3, 6
R1 -> R4 -> R4, 1
R1 -> R5 -> R2, 5

R1 receives a LSPDU: sender 2 routerId 5 linkId 4 cost 4 via 2

# Topology Database:
R1 -> R1 nbr link 3
R1 -> R1 link 1 cost 1 dest 4
R1 -> R1 link 2 cost 2 dest 2
R1 -> R1 link 6 cost 6 dest 3
R1 -> R2 nbr link 3
R1 -> R2 link 2 cost 2 dest 1
R1 -> R2 link 7 cost 7 dest 3
R1 -> R2 link 3 cost 3 dest 5
R1 -> R3 nbr link 4
R1 -> R3 link 4 cost 4 dest 5
R1 -> R3 link 7 cost 7 dest 2
R1 -> R3 link 6 cost 6 dest 1
R1 -> R3 link 5 cost 5 dest 4
R1 -> R4 nbr link 2
R1 -> R4 link 1 cost 1 dest 1
R1 -> R4 link 5 cost 5 dest 3
R1 -> R5 nbr link 2
R1 -> R5 link 3 cost 3 dest 2
R1 -> R5 link 4 cost 4 dest 3

R1 sends a LSPDU: sender 1 routerId 5 linkId 4 cost 4 via 1
R1 sends a LSPDU: sender 1 routerId 5 linkId 4 cost 4 via 6

# RIB:
R1 -> R1 -> Local, 0
R1 -> R2 -> R2, 2
R1 -> R3 -> R3, 6
R1 -> R4 -> R4, 1
R1 -> R5 -> R2, 5

R1 receives a LSPDU: sender 4 routerId 5 linkId 3 cost 3 via 1
R1 receives a LSPDU: sender 3 routerId 3 linkId 4 cost 4 via 6
R1 receives a LSPDU: sender 3 routerId 3 linkId 7 cost 7 via 6
R1 receives a LSPDU: sender 3 routerId 3 linkId 6 cost 6 via 6
R1 receives a LSPDU: sender 3 routerId 3 linkId 5 cost 5 via 6
R1 receives a LSPDU: sender 3 routerId 2 linkId 2 cost 2 via 6
R1 receives a LSPDU: sender 2 routerId 3 linkId 4 cost 4 via 2
R1 receives a LSPDU: sender 2 routerId 3 linkId 7 cost 7 via 2
R1 receives a LSPDU: sender 3 routerId 4 linkId 1 cost 1 via 6
R1 receives a LSPDU: sender 2 routerId 3 linkId 6 cost 6 via 2
R1 receives a LSPDU: sender 3 routerId 4 linkId 5 cost 5 via 6
R1 receives a LSPDU: sender 2 routerId 3 linkId 5 cost 5 via 2
R1 receives a LSPDU: sender 3 routerId 2 linkId 7 cost 7 via 6
R1 receives a LSPDU: sender 3 routerId 2 linkId 3 cost 3 via 6
