R5 sends an INIT: routerId 5

R5 receives a CIRCUIT_DB: nbrLink 2
linkId: 3 AND cost: 3
linkId: 4 AND cost: 4


# Topology Database:
R5 -> R5 nbr link 1
R5 -> R5 link 3 cost 3 dest None

R5 sends a HELLO: routerId 5 linkId 3

# Topology Database:
R5 -> R5 nbr link 2
R5 -> R5 link 3 cost 3 dest None
R5 -> R5 link 4 cost 4 dest None

R5 sends a HELLO: routerId 5 linkId 4
R5 receives a HELLO: routerId 3 linkId 4
R5 sends a LSPDU: sender 5 routerId 5 linkId 3 cost 3 via 4
R5 sends a LSPDU: sender 5 routerId 5 linkId 4 cost 4 via 4
R5 receives a HELLO: routerId 2 linkId 3
R5 sends a LSPDU: sender 5 routerId 5 linkId 3 cost 3 via 3
R5 sends a LSPDU: sender 5 routerId 5 linkId 4 cost 4 via 3
R5 receives a LSPDU: sender 2 routerId 2 linkId 2 cost 2 via 3

# Topology Database:
R5 -> R2 nbr link 1
R5 -> R2 link 2 cost 2 dest None
R5 -> R5 nbr link 2
R5 -> R5 link 3 cost 3 dest 2
R5 -> R5 link 4 cost 4 dest 3

R5 sends a LSPDU: sender 5 routerId 2 linkId 2 cost 2 via 4

# RIB:
R5 -> R1 -> INF, INF
R5 -> R2 -> R2, 3
R5 -> R3 -> INF, INF
R5 -> R4 -> INF, INF
R5 -> R5 -> Local, 0

R5 receives a LSPDU: sender 2 routerId 2 linkId 7 cost 7 via 3

# Topology Database:
R5 -> R2 nbr link 2
R5 -> R2 link 2 cost 2 dest None
R5 -> R2 link 7 cost 7 dest None
R5 -> R5 nbr link 2
R5 -> R5 link 3 cost 3 dest 2
R5 -> R5 link 4 cost 4 dest 3

R5 sends a LSPDU: sender 5 routerId 2 linkId 7 cost 7 via 4

# RIB:
R5 -> R1 -> INF, INF
R5 -> R2 -> R2, 3
R5 -> R3 -> INF, INF
R5 -> R4 -> INF, INF
R5 -> R5 -> Local, 0

R5 receives a LSPDU: sender 2 routerId 2 linkId 3 cost 3 via 3

# Topology Database:
R5 -> R2 nbr link 3
R5 -> R2 link 2 cost 2 dest None
R5 -> R2 link 7 cost 7 dest None
R5 -> R2 link 3 cost 3 dest 5
R5 -> R5 nbr link 2
R5 -> R5 link 3 cost 3 dest 2
R5 -> R5 link 4 cost 4 dest 3

R5 sends a LSPDU: sender 5 routerId 2 linkId 3 cost 3 via 4

# RIB:
R5 -> R1 -> INF, INF
R5 -> R2 -> R2, 3
R5 -> R3 -> INF, INF
R5 -> R4 -> INF, INF
R5 -> R5 -> Local, 0

R5 receives a LSPDU: sender 3 routerId 3 linkId 4 cost 4 via 4

# Topology Database:
R5 -> R2 nbr link 3
R5 -> R2 link 2 cost 2 dest None
R5 -> R2 link 7 cost 7 dest None
R5 -> R2 link 3 cost 3 dest 5
R5 -> R3 nbr link 1
R5 -> R3 link 4 cost 4 dest 5
R5 -> R5 nbr link 2
R5 -> R5 link 3 cost 3 dest 2
R5 -> R5 link 4 cost 4 dest 3

R5 sends a LSPDU: sender 5 routerId 3 linkId 4 cost 4 via 3

# RIB:
R5 -> R1 -> INF, INF
R5 -> R2 -> R2, 3
R5 -> R3 -> R3, 4
R5 -> R4 -> INF, INF
R5 -> R5 -> Local, 0

R5 receives a LSPDU: sender 3 routerId 3 linkId 7 cost 7 via 4

# Topology Database:
R5 -> R2 nbr link 3
R5 -> R2 link 2 cost 2 dest None
R5 -> R2 link 7 cost 7 dest 3
R5 -> R2 link 3 cost 3 dest 5
R5 -> R3 nbr link 2
R5 -> R3 link 4 cost 4 dest 5
R5 -> R3 link 7 cost 7 dest 2
R5 -> R5 nbr link 2
R5 -> R5 link 3 cost 3 dest 2
R5 -> R5 link 4 cost 4 dest 3

R5 sends a LSPDU: sender 5 routerId 3 linkId 7 cost 7 via 3

# RIB:
R5 -> R1 -> INF, INF
R5 -> R2 -> R2, 3
R5 -> R3 -> R3, 4
R5 -> R4 -> INF, INF
R5 -> R5 -> Local, 0

R5 receives a LSPDU: sender 3 routerId 3 linkId 6 cost 6 via 4

# Topology Database:
R5 -> R2 nbr link 3
R5 -> R2 link 2 cost 2 dest None
R5 -> R2 link 7 cost 7 dest 3
R5 -> R2 link 3 cost 3 dest 5
R5 -> R3 nbr link 3
R5 -> R3 link 4 cost 4 dest 5
R5 -> R3 link 7 cost 7 dest 2
R5 -> R3 link 6 cost 6 dest None
R5 -> R5 nbr link 2
R5 -> R5 link 3 cost 3 dest 2
R5 -> R5 link 4 cost 4 dest 3

R5 sends a LSPDU: sender 5 routerId 3 linkId 6 cost 6 via 3

# RIB:
R5 -> R1 -> INF, INF
R5 -> R2 -> R2, 3
R5 -> R3 -> R3, 4
R5 -> R4 -> INF, INF
R5 -> R5 -> Local, 0

R5 receives a LSPDU: sender 3 routerId 3 linkId 5 cost 5 via 4

# Topology Database:
R5 -> R2 nbr link 3
R5 -> R2 link 2 cost 2 dest None
R5 -> R2 link 7 cost 7 dest 3
R5 -> R2 link 3 cost 3 dest 5
R5 -> R3 nbr link 4
R5 -> R3 link 4 cost 4 dest 5
R5 -> R3 link 7 cost 7 dest 2
R5 -> R3 link 6 cost 6 dest None
R5 -> R3 link 5 cost 5 dest None
R5 -> R5 nbr link 2
R5 -> R5 link 3 cost 3 dest 2
R5 -> R5 link 4 cost 4 dest 3

R5 sends a LSPDU: sender 5 routerId 3 linkId 5 cost 5 via 3

# RIB:
R5 -> R1 -> INF, INF
R5 -> R2 -> R2, 3
R5 -> R3 -> R3, 4
R5 -> R4 -> INF, INF
R5 -> R5 -> Local, 0

R5 receives a LSPDU: sender 2 routerId 1 linkId 1 cost 1 via 3

# Topology Database:
R5 -> R1 nbr link 1
R5 -> R1 link 1 cost 1 dest None
R5 -> R2 nbr link 3
R5 -> R2 link 2 cost 2 dest None
R5 -> R2 link 7 cost 7 dest 3
R5 -> R2 link 3 cost 3 dest 5
R5 -> R3 nbr link 4
R5 -> R3 link 4 cost 4 dest 5
R5 -> R3 link 7 cost 7 dest 2
R5 -> R3 link 6 cost 6 dest None
R5 -> R3 link 5 cost 5 dest None
R5 -> R5 nbr link 2
R5 -> R5 link 3 cost 3 dest 2
R5 -> R5 link 4 cost 4 dest 3

R5 sends a LSPDU: sender 5 routerId 1 linkId 1 cost 1 via 4

# RIB:
R5 -> R1 -> INF, INF
R5 -> R2 -> R2, 3
R5 -> R3 -> R3, 4
R5 -> R4 -> INF, INF
R5 -> R5 -> Local, 0

R5 receives a LSPDU: sender 2 routerId 1 linkId 2 cost 2 via 3

# Topology Database:
R5 -> R1 nbr link 2
R5 -> R1 link 1 cost 1 dest None
R5 -> R1 link 2 cost 2 dest 2
R5 -> R2 nbr link 3
R5 -> R2 link 2 cost 2 dest 1
R5 -> R2 link 7 cost 7 dest 3
R5 -> R2 link 3 cost 3 dest 5
R5 -> R3 nbr link 4
R5 -> R3 link 4 cost 4 dest 5
R5 -> R3 link 7 cost 7 dest 2
R5 -> R3 link 6 cost 6 dest None
R5 -> R3 link 5 cost 5 dest None
R5 -> R5 nbr link 2
R5 -> R5 link 3 cost 3 dest 2
R5 -> R5 link 4 cost 4 dest 3

R5 sends a LSPDU: sender 5 routerId 1 linkId 2 cost 2 via 4

# RIB:
R5 -> R1 -> R2, 5
R5 -> R2 -> R2, 3
R5 -> R3 -> R3, 4
R5 -> R4 -> INF, INF
R5 -> R5 -> Local, 0

R5 receives a LSPDU: sender 2 routerId 1 linkId 6 cost 6 via 3

# Topology Database:
R5 -> R1 nbr link 3
R5 -> R1 link 1 cost 1 dest None
R5 -> R1 link 2 cost 2 dest 2
R5 -> R1 link 6 cost 6 dest 3
R5 -> R2 nbr link 3
R5 -> R2 link 2 cost 2 dest 1
R5 -> R2 link 7 cost 7 dest 3
R5 -> R2 link 3 cost 3 dest 5
R5 -> R3 nbr link 4
R5 -> R3 link 4 cost 4 dest 5
R5 -> R3 link 7 cost 7 dest 2
R5 -> R3 link 6 cost 6 dest 1
R5 -> R3 link 5 cost 5 dest None
R5 -> R5 nbr link 2
R5 -> R5 link 3 cost 3 dest 2
R5 -> R5 link 4 cost 4 dest 3

R5 sends a LSPDU: sender 5 routerId 1 linkId 6 cost 6 via 4

# RIB:
R5 -> R1 -> R2, 5
R5 -> R2 -> R2, 3
R5 -> R3 -> R3, 4
R5 -> R4 -> INF, INF
R5 -> R5 -> Local, 0

R5 receives a LSPDU: sender 2 routerId 4 linkId 1 cost 1 via 3

# Topology Database:
R5 -> R1 nbr link 3
R5 -> R1 link 1 cost 1 dest 4
R5 -> R1 link 2 cost 2 dest 2
R5 -> R1 link 6 cost 6 dest 3
R5 -> R2 nbr link 3
R5 -> R2 link 2 cost 2 dest 1
R5 -> R2 link 7 cost 7 dest 3
R5 -> R2 link 3 cost 3 dest 5
R5 -> R3 nbr link 4
R5 -> R3 link 4 cost 4 dest 5
R5 -> R3 link 7 cost 7 dest 2
R5 -> R3 link 6 cost 6 dest 1
R5 -> R3 link 5 cost 5 dest None
R5 -> R4 nbr link 1
R5 -> R4 link 1 cost 1 dest 1
R5 -> R5 nbr link 2
R5 -> R5 link 3 cost 3 dest 2
R5 -> R5 link 4 cost 4 dest 3

R5 sends a LSPDU: sender 5 routerId 4 linkId 1 cost 1 via 4

# RIB:
R5 -> R1 -> R2, 5
R5 -> R2 -> R2, 3
R5 -> R3 -> R3, 4
R5 -> R4 -> R2, 6
R5 -> R5 -> Local, 0

R5 receives a LSPDU: sender 2 routerId 4 linkId 5 cost 5 via 3

# Topology Database:
R5 -> R1 nbr link 3
R5 -> R1 link 1 cost 1 dest 4
R5 -> R1 link 2 cost 2 dest 2
R5 -> R1 link 6 cost 6 dest 3
R5 -> R2 nbr link 3
R5 -> R2 link 2 cost 2 dest 1
R5 -> R2 link 7 cost 7 dest 3
R5 -> R2 link 3 cost 3 dest 5
R5 -> R3 nbr link 4
R5 -> R3 link 4 cost 4 dest 5
R5 -> R3 link 7 cost 7 dest 2
R5 -> R3 link 6 cost 6 dest 1
R5 -> R3 link 5 cost 5 dest 4
R5 -> R4 nbr link 2
R5 -> R4 link 1 cost 1 dest 1
R5 -> R4 link 5 cost 5 dest 3
R5 -> R5 nbr link 2
R5 -> R5 link 3 cost 3 dest 2
R5 -> R5 link 4 cost 4 dest 3

R5 sends a LSPDU: sender 5 routerId 4 linkId 5 cost 5 via 4

# RIB:
R5 -> R1 -> R2, 5
R5 -> R2 -> R2, 3
R5 -> R3 -> R3, 4
R5 -> R4 -> R2, 6
R5 -> R5 -> Local, 0

R5 receives a LSPDU: sender 3 routerId 4 linkId 1 cost 1 via 4
R5 receives a LSPDU: sender 3 routerId 4 linkId 5 cost 5 via 4
R5 receives a LSPDU: sender 3 routerId 1 linkId 1 cost 1 via 4
R5 receives a LSPDU: sender 3 routerId 1 linkId 2 cost 2 via 4
R5 receives a LSPDU: sender 3 routerId 1 linkId 6 cost 6 via 4
