R4 sends an INIT: routerId 4

R4 receives a CIRCUIT_DB: nbrLink 2
linkId: 1 AND cost: 1
linkId: 5 AND cost: 5


# Topology Database:
R4 -> R4 nbr link 1
R4 -> R4 link 1 cost 1 dest None

R4 sends a HELLO: routerId 4 linkId 1

# Topology Database:
R4 -> R4 nbr link 2
R4 -> R4 link 1 cost 1 dest None
R4 -> R4 link 5 cost 5 dest None

R4 sends a HELLO: routerId 4 linkId 5
R4 receives a HELLO: routerId 1 linkId 1
R4 sends a LSPDU: sender 4 routerId 4 linkId 1 cost 1 via 1
R4 sends a LSPDU: sender 4 routerId 4 linkId 5 cost 5 via 1
R4 receives a HELLO: routerId 3 linkId 5
R4 sends a LSPDU: sender 4 routerId 4 linkId 1 cost 1 via 5
R4 sends a LSPDU: sender 4 routerId 4 linkId 5 cost 5 via 5
R4 receives a LSPDU: sender 3 routerId 3 linkId 4 cost 4 via 5

# Topology Database:
R4 -> R3 nbr link 1
R4 -> R3 link 4 cost 4 dest None
R4 -> R4 nbr link 2
R4 -> R4 link 1 cost 1 dest 1
R4 -> R4 link 5 cost 5 dest 3

R4 sends a LSPDU: sender 4 routerId 3 linkId 4 cost 4 via 1

# RIB:
R4 -> R1 -> INF, INF
R4 -> R2 -> INF, INF
R4 -> R3 -> R3, 5
R4 -> R4 -> Local, 0
R4 -> R5 -> INF, INF

R4 receives a LSPDU: sender 3 routerId 3 linkId 7 cost 7 via 5

# Topology Database:
R4 -> R3 nbr link 2
R4 -> R3 link 4 cost 4 dest None
R4 -> R3 link 7 cost 7 dest None
R4 -> R4 nbr link 2
R4 -> R4 link 1 cost 1 dest 1
R4 -> R4 link 5 cost 5 dest 3

R4 sends a LSPDU: sender 4 routerId 3 linkId 7 cost 7 via 1

# RIB:
R4 -> R1 -> INF, INF
R4 -> R2 -> INF, INF
R4 -> R3 -> R3, 5
R4 -> R4 -> Local, 0
R4 -> R5 -> INF, INF

R4 receives a LSPDU: sender 1 routerId 1 linkId 1 cost 1 via 1

# Topology Database:
R4 -> R1 nbr link 1
R4 -> R1 link 1 cost 1 dest 4
R4 -> R3 nbr link 2
R4 -> R3 link 4 cost 4 dest None
R4 -> R3 link 7 cost 7 dest None
R4 -> R4 nbr link 2
R4 -> R4 link 1 cost 1 dest 1
R4 -> R4 link 5 cost 5 dest 3

R4 sends a LSPDU: sender 4 routerId 1 linkId 1 cost 1 via 5

# RIB:
R4 -> R1 -> R1, 1
R4 -> R2 -> INF, INF
R4 -> R3 -> R3, 5
R4 -> R4 -> Local, 0
R4 -> R5 -> INF, INF

R4 receives a LSPDU: sender 1 routerId 1 linkId 2 cost 2 via 1

# Topology Database:
R4 -> R1 nbr link 2
R4 -> R1 link 1 cost 1 dest 4
R4 -> R1 link 2 cost 2 dest None
R4 -> R3 nbr link 2
R4 -> R3 link 4 cost 4 dest None
R4 -> R3 link 7 cost 7 dest None
R4 -> R4 nbr link 2
R4 -> R4 link 1 cost 1 dest 1
R4 -> R4 link 5 cost 5 dest 3

R4 sends a LSPDU: sender 4 routerId 1 linkId 2 cost 2 via 5

# RIB:
R4 -> R1 -> R1, 1
R4 -> R2 -> INF, INF
R4 -> R3 -> R3, 5
R4 -> R4 -> Local, 0
R4 -> R5 -> INF, INF

R4 receives a LSPDU: sender 3 routerId 3 linkId 6 cost 6 via 5

# Topology Database:
R4 -> R1 nbr link 2
R4 -> R1 link 1 cost 1 dest 4
R4 -> R1 link 2 cost 2 dest None
R4 -> R3 nbr link 3
R4 -> R3 link 4 cost 4 dest None
R4 -> R3 link 7 cost 7 dest None
R4 -> R3 link 6 cost 6 dest None
R4 -> R4 nbr link 2
R4 -> R4 link 1 cost 1 dest 1
R4 -> R4 link 5 cost 5 dest 3

R4 sends a LSPDU: sender 4 routerId 3 linkId 6 cost 6 via 1

# RIB:
R4 -> R1 -> R1, 1
R4 -> R2 -> INF, INF
R4 -> R3 -> R3, 5
R4 -> R4 -> Local, 0
R4 -> R5 -> INF, INF

R4 receives a LSPDU: sender 1 routerId 1 linkId 6 cost 6 via 1

# Topology Database:
R4 -> R1 nbr link 3
R4 -> R1 link 1 cost 1 dest 4
R4 -> R1 link 2 cost 2 dest None
R4 -> R1 link 6 cost 6 dest 3
R4 -> R3 nbr link 3
R4 -> R3 link 4 cost 4 dest None
R4 -> R3 link 7 cost 7 dest None
R4 -> R3 link 6 cost 6 dest 1
R4 -> R4 nbr link 2
R4 -> R4 link 1 cost 1 dest 1
R4 -> R4 link 5 cost 5 dest 3

R4 sends a LSPDU: sender 4 routerId 1 linkId 6 cost 6 via 5

# RIB:
R4 -> R1 -> R1, 1
R4 -> R2 -> INF, INF
R4 -> R3 -> R3, 5
R4 -> R4 -> Local, 0
R4 -> R5 -> INF, INF

R4 receives a LSPDU: sender 3 routerId 3 linkId 5 cost 5 via 5

# Topology Database:
R4 -> R1 nbr link 3
R4 -> R1 link 1 cost 1 dest 4
R4 -> R1 link 2 cost 2 dest None
R4 -> R1 link 6 cost 6 dest 3
R4 -> R3 nbr link 4
R4 -> R3 link 4 cost 4 dest None
R4 -> R3 link 7 cost 7 dest None
R4 -> R3 link 6 cost 6 dest 1
R4 -> R3 link 5 cost 5 dest 4
R4 -> R4 nbr link 2
R4 -> R4 link 1 cost 1 dest 1
R4 -> R4 link 5 cost 5 dest 3

R4 sends a LSPDU: sender 4 routerId 3 linkId 5 cost 5 via 1

# RIB:
R4 -> R1 -> R1, 1
R4 -> R2 -> INF, INF
R4 -> R3 -> R3, 5
R4 -> R4 -> Local, 0
R4 -> R5 -> INF, INF

R4 receives a LSPDU: sender 1 routerId 2 linkId 2 cost 2 via 1

# Topology Database:
R4 -> R1 nbr link 3
R4 -> R1 link 1 cost 1 dest 4
R4 -> R1 link 2 cost 2 dest 2
R4 -> R1 link 6 cost 6 dest 3
R4 -> R2 nbr link 1
R4 -> R2 link 2 cost 2 dest 1
R4 -> R3 nbr link 4
R4 -> R3 link 4 cost 4 dest None
R4 -> R3 link 7 cost 7 dest None
R4 -> R3 link 6 cost 6 dest 1
R4 -> R3 link 5 cost 5 dest 4
R4 -> R4 nbr link 2
R4 -> R4 link 1 cost 1 dest 1
R4 -> R4 link 5 cost 5 dest 3

R4 sends a LSPDU: sender 4 routerId 2 linkId 2 cost 2 via 5

# RIB:
R4 -> R1 -> R1, 1
R4 -> R2 -> R1, 3
R4 -> R3 -> R3, 5
R4 -> R4 -> Local, 0
R4 -> R5 -> INF, INF

R4 receives a LSPDU: sender 1 routerId 2 linkId 7 cost 7 via 1

# Topology Database:
R4 -> R1 nbr link 3
R4 -> R1 link 1 cost 1 dest 4
R4 -> R1 link 2 cost 2 dest 2
R4 -> R1 link 6 cost 6 dest 3
R4 -> R2 nbr link 2
R4 -> R2 link 2 cost 2 dest 1
R4 -> R2 link 7 cost 7 dest 3
R4 -> R3 nbr link 4
R4 -> R3 link 4 cost 4 dest None
R4 -> R3 link 7 cost 7 dest 2
R4 -> R3 link 6 cost 6 dest 1
R4 -> R3 link 5 cost 5 dest 4
R4 -> R4 nbr link 2
R4 -> R4 link 1 cost 1 dest 1
R4 -> R4 link 5 cost 5 dest 3

R4 sends a LSPDU: sender 4 routerId 2 linkId 7 cost 7 via 5

# RIB:
R4 -> R1 -> R1, 1
R4 -> R2 -> R1, 3
R4 -> R3 -> R3, 5
R4 -> R4 -> Local, 0
R4 -> R5 -> INF, INF

R4 receives a LSPDU: sender 1 routerId 2 linkId 3 cost 3 via 1

# Topology Database:
R4 -> R1 nbr link 3
R4 -> R1 link 1 cost 1 dest 4
R4 -> R1 link 2 cost 2 dest 2
R4 -> R1 link 6 cost 6 dest 3
R4 -> R2 nbr link 3
R4 -> R2 link 2 cost 2 dest 1
R4 -> R2 link 7 cost 7 dest 3
R4 -> R2 link 3 cost 3 dest None
R4 -> R3 nbr link 4
R4 -> R3 link 4 cost 4 dest None
R4 -> R3 link 7 cost 7 dest 2
R4 -> R3 link 6 cost 6 dest 1
R4 -> R3 link 5 cost 5 dest 4
R4 -> R4 nbr link 2
R4 -> R4 link 1 cost 1 dest 1
R4 -> R4 link 5 cost 5 dest 3

R4 sends a LSPDU: sender 4 routerId 2 linkId 3 cost 3 via 5

# RIB:
R4 -> R1 -> R1, 1
R4 -> R2 -> R1, 3
R4 -> R3 -> R3, 5
R4 -> R4 -> Local, 0
R4 -> R5 -> INF, INF

R4 receives a LSPDU: sender 3 routerId 5 linkId 3 cost 3 via 5

# Topology Database:
R4 -> R1 nbr link 3
R4 -> R1 link 1 cost 1 dest 4
R4 -> R1 link 2 cost 2 dest 2
R4 -> R1 link 6 cost 6 dest 3
R4 -> R2 nbr link 3
R4 -> R2 link 2 cost 2 dest 1
R4 -> R2 link 7 cost 7 dest 3
R4 -> R2 link 3 cost 3 dest 5
R4 -> R3 nbr link 4
R4 -> R3 link 4 cost 4 dest None
R4 -> R3 link 7 cost 7 dest 2
R4 -> R3 link 6 cost 6 dest 1
R4 -> R3 link 5 cost 5 dest 4
R4 -> R4 nbr link 2
R4 -> R4 link 1 cost 1 dest 1
R4 -> R4 link 5 cost 5 dest 3
R4 -> R5 nbr link 1
R4 -> R5 link 3 cost 3 dest 2

R4 sends a LSPDU: sender 4 routerId 5 linkId 3 cost 3 via 1

# RIB:
R4 -> R1 -> R1, 1
R4 -> R2 -> R1, 3
R4 -> R3 -> R3, 5
R4 -> R4 -> Local, 0
R4 -> R5 -> R1, 6

R4 receives a LSPDU: sender 1 routerId 5 linkId 3 cost 3 via 1
R4 receives a LSPDU: sender 1 routerId 5 linkId 4 cost 4 via 1

# Topology Database:
R4 -> R1 nbr link 3
R4 -> R1 link 1 cost 1 dest 4
R4 -> R1 link 2 cost 2 dest 2
R4 -> R1 link 6 cost 6 dest 3
R4 -> R2 nbr link 3
R4 -> R2 link 2 cost 2 dest 1
R4 -> R2 link 7 cost 7 dest 3
R4 -> R2 link 3 cost 3 dest 5
R4 -> R3 nbr link 4
R4 -> R3 link 4 cost 4 dest 5
R4 -> R3 link 7 cost 7 dest 2
R4 -> R3 link 6 cost 6 dest 1
R4 -> R3 link 5 cost 5 dest 4
R4 -> R4 nbr link 2
R4 -> R4 link 1 cost 1 dest 1
R4 -> R4 link 5 cost 5 dest 3
R4 -> R5 nbr link 2
R4 -> R5 link 3 cost 3 dest 2
R4 -> R5 link 4 cost 4 dest 3

R4 sends a LSPDU: sender 4 routerId 5 linkId 4 cost 4 via 5

# RIB:
R4 -> R1 -> R1, 1
R4 -> R2 -> R1, 3
R4 -> R3 -> R3, 5
R4 -> R4 -> Local, 0
R4 -> R5 -> R1, 6

R4 receives a LSPDU: sender 3 routerId 5 linkId 4 cost 4 via 5
R4 receives a LSPDU: sender 3 routerId 2 linkId 2 cost 2 via 5
R4 receives a LSPDU: sender 3 routerId 2 linkId 7 cost 7 via 5
R4 receives a LSPDU: sender 3 routerId 2 linkId 3 cost 3 via 5
R4 receives a LSPDU: sender 3 routerId 1 linkId 1 cost 1 via 5
R4 receives a LSPDU: sender 3 routerId 1 linkId 2 cost 2 via 5
R4 receives a LSPDU: sender 3 routerId 1 linkId 6 cost 6 via 5
